<?xml version="1.0" encoding="utf-8"?>
<rss version="2.0"
	xmlns:dc="http://purl.org/dc/elements/1.1/"
	xmlns:content="http://purl.org/rss/1.0/modules/content/"
>

<channel>
	<title>Mon site SPIP</title>
	<link>http://localhost/spip/</link>
	<description></description>
	<language>fr</language>
	<generator>SPIP - www.spip.net</generator>





	<item>
		<title>delenda carthago</title>
		<link>http://localhost/spip/spip.php?article1</link>
		<guid isPermaLink="true">http://localhost/spip/spip.php?article1</guid>
		<dc:date>2007-05-13T21:33:24Z</dc:date>

		<dc:format>text/html</dc:format>
		<dc:language>fr</dc:language>
		<dc:creator>Caton l ancien, Caton le jeune</dc:creator>
		

<category domain="http://localhost/spip/spip.php?rubrique1">Nouvelle rubrique</category>


		<description>Lorem ipsum dolor sit amet, consectetuer adipiscing elit, sed diam nonummy nibh euismod tincidunt ut laoreet dolore magna aliquam erat volutpat. Ut wisi enim ad minim veniam, quis nostrud exerci tation ullamcorper suscipit lobortis nisl ut aliquip ex ea commodo consequat. &lt;br /&gt;Duis autem vel eum iriure dolor in hendrerit in vulputate velit esse molestie consequat, vel illum dolore eu feugiat nulla facilisis at vero eros et accumsan et iusto odio dignissim qui blandit praesent luptatum zzril (...)


-
&lt;a href="http://localhost/spip/spip.php?rubrique1" rel="directory"&gt;Nouvelle rubrique&lt;/a&gt;


		</description>


 <content:encoded>&lt;div class='rss_chapo'&gt;&lt;p&gt;Lorem ipsum dolor sit amet, consectetuer adipiscing elit, sed diam nonummy nibh euismod tincidunt ut laoreet dolore magna aliquam erat volutpat. Ut wisi enim ad minim veniam, quis nostrud exerci tation ullamcorper suscipit lobortis nisl ut aliquip ex ea commodo consequat.&lt;/p&gt;&lt;/div&gt;
		&lt;div class='rss_texte'&gt;&lt;p&gt;Duis autem vel eum iriure dolor in hendrerit in vulputate velit esse molestie consequat, vel illum dolore eu feugiat nulla facilisis at vero eros et accumsan et iusto odio dignissim qui blandit praesent luptatum zzril delenit augue duis dolore te feugait nulla facilisi.Lorem ipsum dolor sit amet, consectetuer adipiscing elit, sed diam nonummy nibh euismod tincidunt ut laoreet dolore magna aliquam erat volutpat. Ut wisi enim ad minim veniam, quis nostrud exerci tation ullamcorper suscipit lobortis nisl ut aliquip ex ea commodo consequat.&lt;/p&gt; &lt;p&gt;Duis autem vel eum iriure dolor in hendrerit in vulputate velit esse molestie consequat, vel illum dolore eu feugiat nulla facilisis at vero eros et accumsan et iusto odio dignissim qui blandit praesent luptatum zzril delenit augue duis dolore te feugait nulla facilisi.Lorem ipsum dolor sit amet, consectetuer adipiscing elit, sed diam nonummy nibh euismod tincidunt ut laoreet dolore magna aliquam erat volutpat. Ut wisi enim ad minim veniam, quis nostrud exerci tation ullamcorper suscipit lobortis nisl ut aliquip ex ea commodo consequat.&lt;/p&gt; &lt;p&gt;Duis autem vel eum iriure dolor in hendrerit in vulputate velit esse molestie consequat, vel illum dolore eu feugiat nulla facilisis at vero eros et accumsan et iusto odio dignissim qui blandit praesent luptatum zzril delenit augue duis dolore te feugait nulla facilisi.Lorem ipsum dolor sit amet, consectetuer adipiscing elit, sed diam nonummy nibh euismod tincidunt ut laoreet dolore magna aliquam erat volutpat.&lt;/p&gt;&lt;/div&gt;

		
		</content:encoded>


		
		<enclosure url="http://localhost/spip/IMG/txt/test-3.txt" length="272" type="text/plain" />
		

	</item>





</channel>

</rss>
